<?xml version="1.0" encoding="UTF-8"?>
<!-- Generated by org.testng.reporters.JUnitReportReporter -->
<testsuite hostname="LP398" failures="0" tests="1" name="com.sample.tests.NegativeTest" time="0.976" errors="0" timestamp="06 Aug 2024 12:08:05 GMT" skipped="0">
  <testcase classname="com.sample.tests.NegativeTest" name="checkMissingName" time="0.976"/>
</testsuite> <!-- com.sample.tests.NegativeTest -->
